<?xml version="1.0" encoding="UTF-8"?>
<testng-results skipped="0" failed="0" ignored="0" total="1" passed="1">
  <reporter-output>
  </reporter-output>
  <suite name="Default suite" duration-ms="121319" started-at="2020-07-10T09:58:49Z" finished-at="2020-07-10T10:00:51Z">
    <groups>
    </groups>
    <test name="Default test" duration-ms="121319" started-at="2020-07-10T09:58:49Z" finished-at="2020-07-10T10:00:51Z">
      <class name="com.cp.MainTestClass.RunnableTestClass">
        <test-method status="PASS" signature="Report()[pri:0, instance:com.cp.MainTestClass.RunnableTestClass@15bbf42f]" name="Report" is-config="true" duration-ms="95" started-at="2020-07-10T09:58:49Z" finished-at="2020-07-10T09:58:49Z">
          <reporter-output>
          </reporter-output>
        </test-method> <!-- Report -->
        <test-method status="PASS" signature="CareproductQuotationPage()[pri:0, instance:com.cp.MainTestClass.RunnableTestClass@15bbf42f]" name="CareproductQuotationPage" duration-ms="121197" started-at="2020-07-10T09:58:49Z" finished-at="2020-07-10T10:00:51Z">
          <reporter-output>
          </reporter-output>
        </test-method> <!-- CareproductQuotationPage -->
        <test-method status="PASS" signature="getResult(org.testng.ITestResult)[pri:0, instance:com.cp.MainTestClass.RunnableTestClass@15bbf42f]" name="getResult" is-config="true" duration-ms="7" started-at="2020-07-10T10:00:51Z" finished-at="2020-07-10T10:00:51Z">
          <params>
            <param index="0">
              <value>
                <![CDATA[[TestResult name=CareproductQuotationPage status=SUCCESS method=RunnableTestClass.CareproductQuotationPage()[pri:0, instance:com.cp.MainTestClass.RunnableTestClass@15bbf42f] output={null}]]]>
              </value>
            </param>
          </params>
          <reporter-output>
          </reporter-output>
        </test-method> <!-- getResult -->
        <test-method status="PASS" signature="tearDown()[pri:0, instance:com.cp.MainTestClass.RunnableTestClass@15bbf42f]" name="tearDown" is-config="true" duration-ms="526" started-at="2020-07-10T10:00:51Z" finished-at="2020-07-10T10:00:51Z">
          <reporter-output>
          </reporter-output>
        </test-method> <!-- tearDown -->
      </class> <!-- com.cp.MainTestClass.RunnableTestClass -->
    </test> <!-- Default test -->
  </suite> <!-- Default suite -->
</testng-results>
